Another composite manager is already running
[     3.29 ] error    3 BadWindow    request    2 minor    0 serial   1179: "BadWindow (invalid Window parameter)"
[    21.35 ] error    3 BadWindow    request    2 minor    0 serial   4514: "BadWindow (invalid Window parameter)"
[    36.05 ] error    3 BadWindow    request    2 minor    0 serial   8504: "BadWindow (invalid Window parameter)"
[    95.98 ] error    3 BadWindow    request    2 minor    0 serial  13911: "BadWindow (invalid Window parameter)"
[   231.60 ] error    3 BadWindow    request    2 minor    0 serial  18736: "BadWindow (invalid Window parameter)"
[   331.39 ] error    3 BadWindow    request    2 minor    0 serial  26163: "BadWindow (invalid Window parameter)"
[   383.90 ] error    3 BadWindow    request    2 minor    0 serial  40775: "BadWindow (invalid Window parameter)"
[   406.10 ] error    3 BadWindow    request    2 minor    0 serial  46088: "BadWindow (invalid Window parameter)"
[   432.94 ] error    3 BadWindow    request    2 minor    0 serial  53785: "BadWindow (invalid Window parameter)"
[   545.55 ] error    3 BadWindow    request    2 minor    0 serial  70501: "BadWindow (invalid Window parameter)"
[   670.70 ] error    3 BadWindow    request    2 minor    0 serial  81967: "BadWindow (invalid Window parameter)"
[   816.41 ] error    3 BadWindow    request    2 minor    0 serial  90235: "BadWindow (invalid Window parameter)"
[   874.18 ] error    3 BadWindow    request    2 minor    0 serial  95780: "BadWindow (invalid Window parameter)"
[  1043.31 ] error    3 BadWindow    request    2 minor    0 serial 129028: "BadWindow (invalid Window parameter)"
[  1574.90 ] error    3 BadWindow    request    2 minor    0 serial 211730: "BadWindow (invalid Window parameter)"
[  1603.84 ] error    3 BadWindow    request    2 minor    0 serial 214099: "BadWindow (invalid Window parameter)"
[  1733.77 ] error    3 BadWindow    request    2 minor    0 serial 219591: "BadWindow (invalid Window parameter)"
[  2583.58 ] error    3 BadWindow    request    2 minor    0 serial 309951: "BadWindow (invalid Window parameter)"
[  4489.65 ] error    3 BadWindow    request    2 minor    0 serial 494992: "BadWindow (invalid Window parameter)"
[  4497.51 ] error    3 BadWindow    request    2 minor    0 serial 495909: "BadWindow (invalid Window parameter)"
[  4515.46 ] error    3 BadWindow    request    2 minor    0 serial 498321: "BadWindow (invalid Window parameter)"
[  4578.95 ] error    3 BadWindow    request    2 minor    0 serial 514220: "BadWindow (invalid Window parameter)"
[  5128.96 ] error    3 BadWindow    request    2 minor    0 serial 528367: "BadWindow (invalid Window parameter)"
[  5413.11 ] error    9 BadDrawable  request  139 minor    4 serial 534449: "BadDrawable (invalid Pixmap or Window parameter)"
[  5413.11 ] error  143 BadPicture   request  139 minor    8 serial 534450: "RenderBadPicture (invalid Picture parameter)"
[  5413.11 ] error  143 BadPicture   request  139 minor    7 serial 534497: "RenderBadPicture (invalid Picture parameter)"
[  5413.11 ] error    4 BadPixmap    request   54 minor    0 serial 534498: "BadPixmap (invalid Pixmap parameter)"
[  6720.33 ] error    3 BadWindow    request    2 minor    0 serial 685612: "BadWindow (invalid Window parameter)"
[  6720.40 ] error    3 BadWindow    request    2 minor    0 serial 686006: "BadWindow (invalid Window parameter)"
[  6720.42 ] error    3 BadWindow    request    2 minor    0 serial 686396: "BadWindow (invalid Window parameter)"
[  6794.13 ] error    3 BadWindow    request    2 minor    0 serial 714604: "BadWindow (invalid Window parameter)"
[  6821.77 ] error    3 BadWindow    request    2 minor    0 serial 724986: "BadWindow (invalid Window parameter)"
[  6844.25 ] error    3 BadWindow    request    2 minor    0 serial 726750: "BadWindow (invalid Window parameter)"
[  7006.01 ] error    3 BadWindow    request    2 minor    0 serial 829437: "BadWindow (invalid Window parameter)"
[  7017.75 ] error    3 BadWindow    request    2 minor    0 serial 839711: "BadWindow (invalid Window parameter)"
[  7017.75 ] error    3 BadWindow    request   20 minor    0 serial 839712: "BadWindow (invalid Window parameter)"
[  7017.76 ] error    3 BadWindow    request    2 minor    0 serial 839713: "BadWindow (invalid Window parameter)"
[  7017.76 ] error    3 BadWindow    request    2 minor    0 serial 839771: "BadWindow (invalid Window parameter)"
[  7017.76 ] error    3 BadWindow    request  129 minor    6 serial 839772: "BadWindow (invalid Window parameter)"
[  7017.76 ] error    3 BadWindow    request   20 minor    0 serial 839773: "BadWindow (invalid Window parameter)"
[  7017.76 ] error    3 BadWindow    request   15 minor    0 serial 839774: "BadWindow (invalid Window parameter)"
[  7017.76 ] error    3 BadWindow    request    2 minor    0 serial 839775: "BadWindow (invalid Window parameter)"
[  7017.76 ] error    3 BadWindow    request  129 minor    5 serial 839777: "BadWindow (invalid Window parameter)"
[  7017.76 ] error    3 BadWindow    request   20 minor    0 serial 839778: "BadWindow (invalid Window parameter)"
[  7017.80 ] error    3 BadWindow    request    2 minor    0 serial 840060: "BadWindow (invalid Window parameter)"
[  7020.93 ] error    3 BadWindow    request    2 minor    0 serial 843994: "BadWindow (invalid Window parameter)"
[  7020.93 ] error    3 BadWindow    request  129 minor    6 serial 843995: "BadWindow (invalid Window parameter)"
[  7020.93 ] error    3 BadWindow    request   20 minor    0 serial 843996: "BadWindow (invalid Window parameter)"
[  7020.94 ] error    3 BadWindow    request   15 minor    0 serial 843997: "BadWindow (invalid Window parameter)"
[  7020.94 ] error    3 BadWindow    request    2 minor    0 serial 843998: "BadWindow (invalid Window parameter)"
[  7020.95 ] error    3 BadWindow    request  129 minor    5 serial 844000: "BadWindow (invalid Window parameter)"
[  7020.95 ] error    3 BadWindow    request   20 minor    0 serial 844001: "BadWindow (invalid Window parameter)"
[  7045.28 ] error    3 BadWindow    request    2 minor    0 serial 864382: "BadWindow (invalid Window parameter)"
[  7045.37 ] error    3 BadWindow    request    2 minor    0 serial 865145: "BadWindow (invalid Window parameter)"
[  7055.98 ] error    3 BadWindow    request    2 minor    0 serial 873813: "BadWindow (invalid Window parameter)"
[  7055.98 ] error    3 BadWindow    request  129 minor    6 serial 873814: "BadWindow (invalid Window parameter)"
[  7055.98 ] error    3 BadWindow    request   20 minor    0 serial 873815: "BadWindow (invalid Window parameter)"
[  7055.98 ] error    3 BadWindow    request   15 minor    0 serial 873816: "BadWindow (invalid Window parameter)"
[  7055.98 ] error    3 BadWindow    request    2 minor    0 serial 873817: "BadWindow (invalid Window parameter)"
[  7055.98 ] error    3 BadWindow    request  129 minor    5 serial 873819: "BadWindow (invalid Window parameter)"
[  7055.98 ] error    3 BadWindow    request   20 minor    0 serial 873820: "BadWindow (invalid Window parameter)"
[  7108.76 ] error    3 BadWindow    request    2 minor    0 serial 889139: "BadWindow (invalid Window parameter)"
[  7153.17 ] error    3 BadWindow    request    2 minor    0 serial 928409: "BadWindow (invalid Window parameter)"
[  7354.10 ] error    3 BadWindow    request    2 minor    0 serial 1083157: "BadWindow (invalid Window parameter)"
[  7356.60 ] error    3 BadWindow    request    2 minor    0 serial 1086024: "BadWindow (invalid Window parameter)"
[  7356.60 ] error    3 BadWindow    request  129 minor    6 serial 1086025: "BadWindow (invalid Window parameter)"
[  7356.60 ] error    3 BadWindow    request   20 minor    0 serial 1086026: "BadWindow (invalid Window parameter)"
[  7356.60 ] error    3 BadWindow    request   15 minor    0 serial 1086027: "BadWindow (invalid Window parameter)"
[  7356.60 ] error    3 BadWindow    request    2 minor    0 serial 1086028: "BadWindow (invalid Window parameter)"
[  7356.60 ] error    3 BadWindow    request  129 minor    5 serial 1086030: "BadWindow (invalid Window parameter)"
[  7356.60 ] error    3 BadWindow    request   20 minor    0 serial 1086031: "BadWindow (invalid Window parameter)"
[  7382.93 ] error    3 BadWindow    request    2 minor    0 serial 1111446: "BadWindow (invalid Window parameter)"
[  7385.31 ] error    3 BadWindow    request    2 minor    0 serial 1113956: "BadWindow (invalid Window parameter)"
[  7385.31 ] error    3 BadWindow    request  129 minor    6 serial 1113957: "BadWindow (invalid Window parameter)"
[  7385.31 ] error    3 BadWindow    request   20 minor    0 serial 1113958: "BadWindow (invalid Window parameter)"
[  7385.31 ] error    3 BadWindow    request   15 minor    0 serial 1113959: "BadWindow (invalid Window parameter)"
[  7385.31 ] error    3 BadWindow    request    2 minor    0 serial 1113960: "BadWindow (invalid Window parameter)"
[  7385.32 ] error    3 BadWindow    request  129 minor    5 serial 1113962: "BadWindow (invalid Window parameter)"
[  7385.33 ] error    3 BadWindow    request   20 minor    0 serial 1113963: "BadWindow (invalid Window parameter)"
[  7392.29 ] error    3 BadWindow    request    2 minor    0 serial 1120583: "BadWindow (invalid Window parameter)"
[  7392.42 ] error    3 BadWindow    request    2 minor    0 serial 1120916: "BadWindow (invalid Window parameter)"
[  7593.82 ] error    3 BadWindow    request    2 minor    0 serial 1242924: "BadWindow (invalid Window parameter)"
[  7593.82 ] error    3 BadWindow    request  129 minor    6 serial 1242925: "BadWindow (invalid Window parameter)"
[  7593.82 ] error    3 BadWindow    request   20 minor    0 serial 1242926: "BadWindow (invalid Window parameter)"
[  7593.82 ] error    3 BadWindow    request   15 minor    0 serial 1242927: "BadWindow (invalid Window parameter)"
[  7593.82 ] error    3 BadWindow    request    2 minor    0 serial 1242928: "BadWindow (invalid Window parameter)"
[  7593.82 ] error    3 BadWindow    request  129 minor    5 serial 1242930: "BadWindow (invalid Window parameter)"
[  7593.82 ] error    3 BadWindow    request   20 minor    0 serial 1242931: "BadWindow (invalid Window parameter)"
[  7626.13 ] error    3 BadWindow    request    2 minor    0 serial 1288498: "BadWindow (invalid Window parameter)"
[  7632.54 ] error    3 BadWindow    request    2 minor    0 serial 1297921: "BadWindow (invalid Window parameter)"
[  7632.54 ] error    3 BadWindow    request  129 minor    6 serial 1297922: "BadWindow (invalid Window parameter)"
[  7632.54 ] error    3 BadWindow    request   20 minor    0 serial 1297923: "BadWindow (invalid Window parameter)"
[  7632.54 ] error    3 BadWindow    request   15 minor    0 serial 1297924: "BadWindow (invalid Window parameter)"
[  7632.54 ] error    3 BadWindow    request    2 minor    0 serial 1297925: "BadWindow (invalid Window parameter)"
[  7632.54 ] error    3 BadWindow    request  129 minor    5 serial 1297927: "BadWindow (invalid Window parameter)"
[  7632.54 ] error    3 BadWindow    request   20 minor    0 serial 1297928: "BadWindow (invalid Window parameter)"
[  7681.99 ] error    3 BadWindow    request    2 minor    0 serial 1303015: "BadWindow (invalid Window parameter)"
[  7682.11 ] error    3 BadWindow    request    2 minor    0 serial 1303196: "BadWindow (invalid Window parameter)"
[  7682.47 ] error    3 BadWindow    request    2 minor    0 serial 1303417: "BadWindow (invalid Window parameter)"
[  7697.82 ] error    3 BadWindow    request    2 minor    0 serial 1306548: "BadWindow (invalid Window parameter)"
[  7697.92 ] error    3 BadWindow    request    2 minor    0 serial 1306754: "BadWindow (invalid Window parameter)"
[  7698.75 ] error    3 BadWindow    request    2 minor    0 serial 1306951: "BadWindow (invalid Window parameter)"
[  7701.79 ] error    3 BadWindow    request    2 minor    0 serial 1308161: "BadWindow (invalid Window parameter)"
[  7701.94 ] error    3 BadWindow    request    2 minor    0 serial 1308717: "BadWindow (invalid Window parameter)"
[  7711.38 ] error    3 BadWindow    request    2 minor    0 serial 1311204: "BadWindow (invalid Window parameter)"
[  7720.76 ] error    3 BadWindow    request    2 minor    0 serial 1312430: "BadWindow (invalid Window parameter)"
[  7720.82 ] error    3 BadAnother composite manager is already running
Window    request    2 minor    0 serial 1312665: "BadWindow (invalid Window parameter)"
[  7734.84 ] error    3 BadWindow    request    2 minor    0 serial 1314847: "BadWindow (invalid Window parameter)"
[  7735.00 ] error    3 BadWindow    request    2 minor    0 serial 1315274: "BadWindow (invalid Window parameter)"
[  7737.52 ] error    3 BadWindow    request    2 minor    0 serial 1315732: "BadWindow (invalid Window parameter)"
[  7739.93 ] error    3 BadWindow    request    2 minor    0 serial 1316545: "BadWindow (invalid Window parameter)"
[  7850.45 ] error    3 BadWindow    request    2 minor    0 serial 1335303: "BadWindow (invalid Window parameter)"
[  8098.20 ] error    3 BadWindow    request    2 minor    0 serial 1399374: "BadWindow (invalid Window parameter)"
[  8286.25 ] error    3 BadWindow    request    2 minor    0 serial 1406231: "BadWindow (invalid Window parameter)"
[  8288.23 ] error    3 BadWindow    request    2 minor    0 serial 1407099: "BadWindow (invalid Window parameter)"
[  8705.42 ] error    3 BadWindow    request    2 minor    0 serial 1434911: "BadWindow (invalid Window parameter)"
[  8743.32 ] error    3 BadWindow    request    2 minor    0 serial 1448997: "BadWindow (invalid Window parameter)"
[  9205.85 ] error    3 BadWindow    request    2 minor    0 serial 1482185: "BadWindow (invalid Window parameter)"
[ 11681.91 ] error    3 BadWindow    request    2 minor    0 serial 1506321: "BadWindow (invalid Window parameter)"
[ 11683.60 ] error    3 BadWindow    request    2 minor    0 serial 1507285: "BadWindow (invalid Window parameter)"
[ 11890.45 ] error    3 BadWindow    request    2 minor    0 serial 1667378: "BadWindow (invalid Window parameter)"
[ 11894.11 ] error    3 BadWindow    request    2 minor    0 serial 1670614: "BadWindow (invalid Window parameter)"
[ 11894.11 ] error    3 BadWindow    request  129 minor    6 serial 1670615: "BadWindow (invalid Window parameter)"
[ 11894.11 ] error    3 BadWindow    request   20 minor    0 serial 1670616: "BadWindow (invalid Window parameter)"
[ 11894.11 ] error    3 BadWindow    request   15 minor    0 serial 1670617: "BadWindow (invalid Window parameter)"
[ 11894.11 ] error    3 BadWindow    request    2 minor    0 serial 1670618: "BadWindow (invalid Window parameter)"
[ 11894.11 ] error    3 BadWindow    request  129 minor    5 serial 1670620: "BadWindow (invalid Window parameter)"
[ 11894.11 ] error    3 BadWindow    request   20 minor    0 serial 1670621: "BadWindow (invalid Window parameter)"
[ 11906.27 ] error    3 BadWindow    request    2 minor    0 serial 1679818: "BadWindow (invalid Window parameter)"
[ 11933.26 ] error    3 BadWindow    request    2 minor    0 serial 1698420: "BadWindow (invalid Window parameter)"
[ 11955.98 ] error    3 BadWindow    request    2 minor    0 serial 1704749: "BadWindow (invalid Window parameter)"
[ 11975.04 ] error    3 BadWindow    request    2 minor    0 serial 1709034: "BadWindow (invalid Window parameter)"
[ 11975.04 ] error    3 BadWindow    request  129 minor    6 serial 1709035: "BadWindow (invalid Window parameter)"
[ 11975.04 ] error    3 BadWindow    request   20 minor    0 serial 1709036: "BadWindow (invalid Window parameter)"
[ 11975.04 ] error    3 BadWindow    request   15 minor    0 serial 1709037: "BadWindow (invalid Window parameter)"
[ 11975.04 ] error    3 BadWindow    request    2 minor    0 serial 1709038: "BadWindow (invalid Window parameter)"
[ 11975.05 ] error    3 BadWindow    request  129 minor    5 serial 1709040: "BadWindow (invalid Window parameter)"
[ 11975.07 ] error    3 BadWindow    request   20 minor    0 serial 1709041: "BadWindow (invalid Window parameter)"
[ 11975.50 ] error    3 BadWindow    request    2 minor    0 serial 1709199: "BadWindow (invalid Window parameter)"
[ 11980.54 ] error    3 BadWindow    request    2 minor    0 serial 1712501: "BadWindow (invalid Window parameter)"
[ 11999.91 ] error    3 BadWindow    request    2 minor    0 serial 1724692: "BadWindow (invalid Window parameter)"
[ 12002.36 ] error    3 BadWindow    request    2 minor    0 seAnother composite manager is already running
