Another composite manager is already running
Another composite manager is already running
Another composite manager is already running
Another composite manager is already running
Another composite manager is already running
Another composite manager is already running
Another composite manager is already running
Another composite manager is already running
Another composite manager is already running
XIO:  fatal IO error 11 (Resource temporarily unavailable) on X server ":0"
Another composite manager is already running
XIO:  fatal IO error 11 (Resource temporarily unavailable) on X server ":0"
      after 115126 requests (115126 known processed) with 13 events remaining.
[    67.98 ] error    3 BadWindow    request    2 minor    0 serial   9719: "BadWindow (invalid Window parameter)"
[   437.03 ] error    3 BadWindow    request    2 minor    0 serial  98309: "BadWindow (invalid Window parameter)"
Another composite manager is already running
Another composite manager is already running
Another composite manager is already running
Another composite manager is already running
Another composite manager is already running
Another composite manager is already running
Another composite manager is already running
Another composite manager is already running
Another composite manager is already running
Another composite manager is already running
Another composite manager is already running
Another composite manager is already running
Another composite manager is already running
Another composite manager is already running
