xRandr: Found crtc's: 2
xRandr: Linking output LVDS-1 with crtc 0
xRandr: crtc 1 seems disabled
No XSETTINGS manager, tint2 uses config option 'launcher_icon_theme'.
real transparency off.... depth: 24
warning : monitor not found. tint2 default to all monitors.
panel items: TB
[1;32mFound power device BAT0[0m
[1;32mFound battery "BAT0"[0m
[1;32mFound power device AC[0m
[1;32mFound mains "AC"[0m
tint2 : nb monitor 1, nb monitor used 1, nb desktop 3
Kernel uevent interface initialized...
xRandr: Found crtc's: 2
xRandr: Linking output LVDS-1 with crtc 0
xRandr: crtc 1 seems disabled
No XSETTINGS manager, tint2 uses config option 'launcher_icon_theme'.
real transparency off.... depth: 24
warning : monitor not found. tint2 default to all monitors.
panel items: T
tint2 : nb monitor 1, nb monitor used 1, nb desktop 3
Kernel uevent interface initialized...
